<testng-results>
  <reporter-output>
  </reporter-output>
  <suite name="Default suite" duration-ms="6702" started-at="2011-01-06T21:19:30Z" finished-at="2011-01-06T21:19:37Z">
    <groups>
    </groups>
    <test name="Default test" duration-ms="6702" started-at="2011-01-06T21:19:30Z" finished-at="2011-01-06T21:19:37Z">
      <class name="com.selenium.test.TestNGDataDrivenTest">
        <test-method status="PASS" signature="setUpServer()" name="setUpServer" is-config="true" duration-ms="6120" started-at="2011-01-06T21:19:30Z" finished-at="2011-01-06T21:19:36Z">
        </test-method>
        <test-method status="PASS" signature="wikiTest(java.lang.String)" name="wikiTest" duration-ms="42" started-at="2011-01-06T21:19:36Z" finished-at="2011-01-06T21:19:36Z">
          <params>
            <param index="0">
              <value>
                <![CDATA[Ramesh]]>
              </value>
            </param>
          </params>
        </test-method>
        <test-method status="PASS" signature="wikiTest(java.lang.String)" name="wikiTest" duration-ms="43" started-at="2011-01-06T21:19:36Z" finished-at="2011-01-06T21:19:36Z">
          <params>
            <param index="0">
              <value>
                <![CDATA[Rajesh]]>
              </value>
            </param>
          </params>
        </test-method>
        <test-method status="PASS" signature="cleanUp()" name="cleanUp" is-config="true" duration-ms="365" started-at="2011-01-06T21:19:36Z" finished-at="2011-01-06T21:19:37Z">
        </test-method>
      </class>
    </test>
  </suite>
</testng-results>
