<testng-results>
  <reporter-output>
  </reporter-output>
  <suite name="Default suite" duration-ms="86595" started-at="2011-01-10T22:58:31Z" finished-at="2011-01-10T22:59:57Z">
    <groups>
    </groups>
    <test name="Default test" duration-ms="86595" started-at="2011-01-10T22:58:31Z" finished-at="2011-01-10T22:59:57Z">
      <class name="com.selenium.test.TestNGDataDrivenTest">
        <test-method status="PASS" signature="setUpServer()" name="setUpServer" is-config="true" duration-ms="6438" started-at="2011-01-10T22:58:31Z" finished-at="2011-01-10T22:58:37Z">
        </test-method>
        <test-method status="PASS" signature="wikiTest(java.lang.String, java.lang.String)" name="wikiTest" duration-ms="37615" started-at="2011-01-10T22:58:37Z" finished-at="2011-01-10T22:59:15Z">
          <params>
            <param index="0">
              <value>
                <![CDATA[Sachin Tendulkar]]>
              </value>
            </param>
            <param index="1">
              <value>
                <![CDATA[24 April 1973]]>
              </value>
            </param>
          </params>
        </test-method>
        <test-method status="PASS" signature="wikiTest(java.lang.String, java.lang.String)" name="wikiTest" duration-ms="18972" started-at="2011-01-10T22:59:15Z" finished-at="2011-01-10T22:59:34Z">
          <params>
            <param index="0">
              <value>
                <![CDATA[Brian Lara]]>
              </value>
            </param>
            <param index="1">
              <value>
                <![CDATA[2 May 1969]]>
              </value>
            </param>
          </params>
        </test-method>
        <test-method status="PASS" signature="wikiTest(java.lang.String, java.lang.String)" name="wikiTest" duration-ms="22716" started-at="2011-01-10T22:59:34Z" finished-at="2011-01-10T22:59:57Z">
          <params>
            <param index="0">
              <value>
                <![CDATA[Ricky Ponting]]>
              </value>
            </param>
            <param index="1">
              <value>
                <![CDATA[19 December 1974]]>
              </value>
            </param>
          </params>
        </test-method>
        <test-method status="PASS" signature="cleanUp()" name="cleanUp" is-config="true" duration-ms="404" started-at="2011-01-10T22:59:57Z" finished-at="2011-01-10T22:59:57Z">
        </test-method>
      </class>
    </test>
  </suite>
</testng-results>
